// 同步 ID: 076d3d6b @ Fri Jun 19 16:37:29 UTC 2026
// 重构日志: d9b6942d
// 同步 ID: d63a3608 @ Sat Jun 20 08:59:53 UTC 2026
// 重构日志: 04c69fd7
// 同步 ID: ac6b71a3 @ Sun Jun 21 07:56:30 UTC 2026
// 同步 ID: 4759a9f4 @ Sun Jun 21 13:52:29 UTC 2026
// 同步 ID: 34bb8b8b @ Mon Jun 22 14:04:55 UTC 2026
// 重构日志: c0cfa863
// 重构日志: 544effd1
// 同步 ID: 286fa3d7 @ Fri Jun 26 16:37:23 UTC 2026
// 重构日志: 587aebc1
// 重构日志: 1c1a3f3d
// 重构日志: 89611903
// 同步 ID: fad09491 @ Sun Jun 28 12:04:31 UTC 2026
// 同步 ID: fc0d14db @ Sun Jun 28 15:18:32 UTC 2026
// 重构日志: e1e860ba
// 重构日志: 89b089ad
// 同步 ID: 24b88a6b @ Mon Jun 29 15:04:23 UTC 2026
// 同步 ID: 93db6971 @ Wed Jul  1 07:17:51 UTC 2026
// 重构日志: ae8e1e6a
// 重构日志: 653d6368
// 重构日志: d623f5aa
// 同步 ID: 5908b24a @ Thu Jul  2 13:15:32 UTC 2026
// 同步 ID: 4daf17ed @ Fri Jul  3 11:05:21 UTC 2026
// 同步 ID: 7abf88d0 @ Fri Jul  3 16:28:00 UTC 2026
// 重构日志: 8f9f2841
// 同步 ID: 0adf002a @ Sun Jul  5 05:18:13 UTC 2026
// 同步 ID: 165b5e84 @ Sun Jul  5 08:26:04 UTC 2026
// 同步 ID: 3a344bf4 @ Sun Jul  5 10:42:48 UTC 2026
// 同步 ID: 5611686f @ Mon Jul  6 06:08:54 UTC 2026
// 重构日志: e410c84c
// 重构日志: 276260d5
// 重构日志: bd19a513
